Determining if the pthread_create exist failed with the following output:
Change Dir: /home/eharano/exjobb/hevc_transcoding-eharano/software/d65_gt/build_residual_reconstruct/CMakeFiles/CMakeTmp

Run Build Command:/usr/bin/gmake "cmTryCompileExec3116334440/fast"
/usr/bin/gmake -f CMakeFiles/cmTryCompileExec3116334440.dir/build.make CMakeFiles/cmTryCompileExec3116334440.dir/build
gmake[1]: Entering directory `/home/eharano/exjobb/hevc_transcoding-eharano/software/d65_gt/build_residual_reconstruct/CMakeFiles/CMakeTmp'
/usr/bin/cmake -E cmake_progress_report /home/eharano/exjobb/hevc_transcoding-eharano/software/d65_gt/build_residual_reconstruct/CMakeFiles/CMakeTmp/CMakeFiles 1
Building C object CMakeFiles/cmTryCompileExec3116334440.dir/CheckSymbolExists.c.o
/usr/bin/cc    -o CMakeFiles/cmTryCompileExec3116334440.dir/CheckSymbolExists.c.o   -c /home/eharano/exjobb/hevc_transcoding-eharano/software/d65_gt/build_residual_reconstruct/CMakeFiles/CMakeTmp/CheckSymbolExists.c
Linking C executable cmTryCompileExec3116334440
/usr/bin/cmake -E cmake_link_script CMakeFiles/cmTryCompileExec3116334440.dir/link.txt --verbose=1
/usr/bin/cc       CMakeFiles/cmTryCompileExec3116334440.dir/CheckSymbolExists.c.o  -o cmTryCompileExec3116334440 -rdynamic 
CMakeFiles/cmTryCompileExec3116334440.dir/CheckSymbolExists.c.o: In function `main':
CheckSymbolExists.c:(.text+0xc): undefined reference to `pthread_create'
collect2: ld returned 1 exit status
gmake[1]: Leaving directory `/home/eharano/exjobb/hevc_transcoding-eharano/software/d65_gt/build_residual_reconstruct/CMakeFiles/CMakeTmp'
gmake[1]: *** [cmTryCompileExec3116334440] Error 1
gmake: *** [cmTryCompileExec3116334440/fast] Error 2

File /home/eharano/exjobb/hevc_transcoding-eharano/software/d65_gt/build_residual_reconstruct/CMakeFiles/CMakeTmp/CheckSymbolExists.c:
/* */
#include <pthread.h>

int main(int argc, char** argv)
{
  (void)argv;
#ifndef pthread_create
  return ((int*)(&pthread_create))[argc];
#else
  (void)argc;
  return 0;
#endif
}

Determining if the function pthread_create exists in the pthreads failed with the following output:
Change Dir: /home/eharano/exjobb/hevc_transcoding-eharano/software/d65_gt/build_residual_reconstruct/CMakeFiles/CMakeTmp

Run Build Command:/usr/bin/gmake "cmTryCompileExec981765191/fast"
/usr/bin/gmake -f CMakeFiles/cmTryCompileExec981765191.dir/build.make CMakeFiles/cmTryCompileExec981765191.dir/build
gmake[1]: Entering directory `/home/eharano/exjobb/hevc_transcoding-eharano/software/d65_gt/build_residual_reconstruct/CMakeFiles/CMakeTmp'
/usr/bin/cmake -E cmake_progress_report /home/eharano/exjobb/hevc_transcoding-eharano/software/d65_gt/build_residual_reconstruct/CMakeFiles/CMakeTmp/CMakeFiles 1
Building C object CMakeFiles/cmTryCompileExec981765191.dir/CheckFunctionExists.c.o
/usr/bin/cc   -DCHECK_FUNCTION_EXISTS=pthread_create   -o CMakeFiles/cmTryCompileExec981765191.dir/CheckFunctionExists.c.o   -c /usr/share/cmake/Modules/CheckFunctionExists.c
Linking C executable cmTryCompileExec981765191
/usr/bin/cmake -E cmake_link_script CMakeFiles/cmTryCompileExec981765191.dir/link.txt --verbose=1
/usr/bin/cc   -DCHECK_FUNCTION_EXISTS=pthread_create    CMakeFiles/cmTryCompileExec981765191.dir/CheckFunctionExists.c.o  -o cmTryCompileExec981765191 -rdynamic -lpthreads 
/usr/bin/ld: cannot find -lpthreads
collect2: ld returned 1 exit status
gmake[1]: Leaving directory `/home/eharano/exjobb/hevc_transcoding-eharano/software/d65_gt/build_residual_reconstruct/CMakeFiles/CMakeTmp'
gmake[1]: *** [cmTryCompileExec981765191] Error 1
gmake: *** [cmTryCompileExec981765191/fast] Error 2


